Using pre-set license
Built from '2020.3/staging' branch; Version is '2020.3.10f1 (297d780c91bc) revision 2719096'; Using compiler version '192528614'; Build Type 'Release'
OS: 'Windows 10 Home Single Language; OS build 22000.434; Version 2009; 64bit' Language: 'en' Physical Memory: 6020 MB
BatchMode: 1, IsHumanControllingUs: 0, StartBugReporterOnCrash: 0, Is64bit: 1, IsPro: 0

 COMMAND LINE ARGUMENTS:
C:\Program Files\Unity\Hub\Editor\2020.3.10f1\Editor\Unity.exe
-adb2
-batchMode
-noUpm
-name
AssetImportWorker0
-projectPath
C:/Users/shiva/Desktop/Hackslash/Easter eggs/Block Dodge
-logFile
Logs/AssetImportWorker0.log
-srvPort
56930
Successfully changed project path to: C:/Users/shiva/Desktop/Hackslash/Easter eggs/Block Dodge
C:/Users/shiva/Desktop/Hackslash/Easter eggs/Block Dodge
Using Asset Import Pipeline V2.
Refreshing native plugins compatible for Editor in 68.43 ms, found 3 plugins.
Preloading 0 native plugins for Editor in 0.00 ms.
Initialize engine version: 2020.3.10f1 (297d780c91bc)
[Subsystems] Discovering subsystems at path C:/Program Files/Unity/Hub/Editor/2020.3.10f1/Editor/Data/Resources/UnitySubsystems
[Subsystems] Discovering subsystems at path C:/Users/shiva/Desktop/Hackslash/Easter eggs/Block Dodge/Assets
GfxDevice: creating device client; threaded=0
Direct3D:
    Version:  Direct3D 11.0 [level 11.1]
    Renderer: AMD Radeon(TM) Vega 8 Graphics (ID=0x15d8)
    Vendor:   
    VRAM:     3010 MB
    Driver:   26.20.14046.3
Initialize mono
Mono path[0] = 'C:/Program Files/Unity/Hub/Editor/2020.3.10f1/Editor/Data/Managed'
Mono path[1] = 'C:/Program Files/Unity/Hub/Editor/2020.3.10f1/Editor/Data/MonoBleedingEdge/lib/mono/unityjit'
Mono config path = 'C:/Program Files/Unity/Hub/Editor/2020.3.10f1/Editor/Data/MonoBleedingEdge/etc'
Using monoOptions --debugger-agent=transport=dt_socket,embedding=1,server=y,suspend=n,address=127.0.0.1:56220
Begin MonoManager ReloadAssembly
Registering precompiled unity dll's ...
Register platform support module: C:/Program Files/Unity/Hub/Editor/2020.3.10f1/Editor/Data/PlaybackEngines/WebGLSupport/UnityEditor.WebGL.Extensions.dll
Register platform support module: C:/Program Files/Unity/Hub/Editor/2020.3.10f1/Editor/Data/PlaybackEngines/WindowsStandaloneSupport/UnityEditor.WindowsStandalone.Extensions.dll
Registered in 0.004936 seconds.
Native extension for WindowsStandalone target not found
Native extension for WebGL target not found
Refreshing native plugins compatible for Editor in 57.30 ms, found 3 plugins.
Preloading 0 native plugins for Editor in 0.00 ms.
Mono: successfully reloaded assembly
- Completed reload, in  5.187 seconds
Platform modules already initialized, skipping
Registering precompiled user dll's ...
Registered in 0.013760 seconds.
Begin MonoManager ReloadAssembly
Native extension for WindowsStandalone target not found
Native extension for WebGL target not found
Refreshing native plugins compatible for Editor in 69.76 ms, found 3 plugins.
Preloading 0 native plugins for Editor in 0.00 ms.
Mono: successfully reloaded assembly
- Completed reload, in  1.703 seconds
Platform modules already initialized, skipping
========================================================================
Worker process is ready to serve import requests
Launched and connected shader compiler UnityShaderCompiler.exe after 0.06 seconds
Refreshing native plugins compatible for Editor in 0.55 ms, found 3 plugins.
Preloading 0 native plugins for Editor in 0.00 ms.
Unloading 2087 Unused Serialized files (Serialized files now loaded: 0)
System memory in use before: 98.9 MB.
System memory in use after: 98.9 MB.

Unloading 33 unused Assets to reduce memory usage. Loaded Objects now: 2534.
Total: 2.828600 ms (FindLiveObjects: 0.251900 ms CreateObjectMapping: 0.052600 ms MarkObjects: 2.350600 ms  DeleteObjects: 0.171300 ms)

========================================================================
Received Import Request.
  path: Assets/Block.prefab
  artifactKey: Guid(cb527afb12511464b85068f725a1b6ad) Importer(815301076,1909f56bfc062723c751e8b465ee728b)
Start importing Assets/Block.prefab using Guid(cb527afb12511464b85068f725a1b6ad) Importer(815301076,1909f56bfc062723c751e8b465ee728b)  -> (artifact id: 'a31a50ebaa91ff41aeb7b6ab7a9ecfef') in 0.155148 seconds
  Import took 0.158990 seconds .

========================================================================
Received Import Request.
  Time since last request: 3.516064 seconds.
  path: Assets/Scripts
  artifactKey: Guid(3d9f1c59ae5d6fe409ae45bd8ae7cc70) Importer(815301076,1909f56bfc062723c751e8b465ee728b)
Start importing Assets/Scripts using Guid(3d9f1c59ae5d6fe409ae45bd8ae7cc70) Importer(815301076,1909f56bfc062723c751e8b465ee728b)  -> (artifact id: '5147b96ecf3ccf2c0c39a02d3e66b7df') in 0.004400 seconds
  Import took 0.009379 seconds .

========================================================================
Received Import Request.
  Time since last request: 0.013296 seconds.
  path: Assets/Scripts
  artifactKey: Guid(3d9f1c59ae5d6fe409ae45bd8ae7cc70) Importer(815301076,1909f56bfc062723c751e8b465ee728b)
Start importing Assets/Scripts using Guid(3d9f1c59ae5d6fe409ae45bd8ae7cc70) Importer(815301076,1909f56bfc062723c751e8b465ee728b)  -> (artifact id: '5147b96ecf3ccf2c0c39a02d3e66b7df') in 0.003613 seconds
  Import took 0.009097 seconds .

========================================================================
Received Import Request.
  Time since last request: 37.228483 seconds.
  path: Assets/Scripts/BlockDestroyer.cs
  artifactKey: Guid(b16db1a2ec043474bbde093727ba746c) Importer(815301076,1909f56bfc062723c751e8b465ee728b)
Start importing Assets/Scripts/BlockDestroyer.cs using Guid(b16db1a2ec043474bbde093727ba746c) Importer(815301076,1909f56bfc062723c751e8b465ee728b)  -> (artifact id: 'a6ec21c1937222497a51199730ac9cc8') in 0.019763 seconds
  Import took 0.025007 seconds .

========================================================================
Received Import Request.
  Time since last request: 5.654346 seconds.
  path: Assets/Scripts/BlockSpawner.cs
  artifactKey: Guid(6fcdd8d68cf05ab4e8def6b7611d52a1) Importer(815301076,1909f56bfc062723c751e8b465ee728b)
Start importing Assets/Scripts/BlockSpawner.cs using Guid(6fcdd8d68cf05ab4e8def6b7611d52a1) Importer(815301076,1909f56bfc062723c751e8b465ee728b)  -> (artifact id: '24683385cfe1038d36a86ffd099b8649') in 0.007791 seconds
  Import took 0.017843 seconds .

========================================================================
Received Import Request.
  Time since last request: 0.045998 seconds.
  path: Assets/Scripts/BlockSpawner.cs
  artifactKey: Guid(6fcdd8d68cf05ab4e8def6b7611d52a1) Importer(815301076,1909f56bfc062723c751e8b465ee728b)
Start importing Assets/Scripts/BlockSpawner.cs using Guid(6fcdd8d68cf05ab4e8def6b7611d52a1) Importer(815301076,1909f56bfc062723c751e8b465ee728b)  -> (artifact id: '24683385cfe1038d36a86ffd099b8649') in 0.005550 seconds
  Import took 0.011611 seconds .

========================================================================
Received Import Request.
  Time since last request: 3.925162 seconds.
  path: Assets/Scripts/GameManager.cs
  artifactKey: Guid(b4ac3b279cfea8943a8fd0cf7e513f36) Importer(815301076,1909f56bfc062723c751e8b465ee728b)
Start importing Assets/Scripts/GameManager.cs using Guid(b4ac3b279cfea8943a8fd0cf7e513f36) Importer(815301076,1909f56bfc062723c751e8b465ee728b)  -> (artifact id: 'b1df4d05fbfe61df9643f1748b876afb') in 0.005409 seconds
  Import took 0.011928 seconds .

========================================================================
Received Import Request.
  Time since last request: 3.695246 seconds.
  path: Assets/Scripts/GameOverScript.cs
  artifactKey: Guid(3a689d3dc281eb048b0ba65310f240ee) Importer(815301076,1909f56bfc062723c751e8b465ee728b)
Start importing Assets/Scripts/GameOverScript.cs using Guid(3a689d3dc281eb048b0ba65310f240ee) Importer(815301076,1909f56bfc062723c751e8b465ee728b)  -> (artifact id: '6b741045b076a0a3f6043f50d7c6d950') in 0.003180 seconds
  Import took 0.006916 seconds .

========================================================================
Received Import Request.
  Time since last request: 0.002126 seconds.
  path: Assets/Scripts/GameOverScript.cs
  artifactKey: Guid(3a689d3dc281eb048b0ba65310f240ee) Importer(815301076,1909f56bfc062723c751e8b465ee728b)
Start importing Assets/Scripts/GameOverScript.cs using Guid(3a689d3dc281eb048b0ba65310f240ee) Importer(815301076,1909f56bfc062723c751e8b465ee728b)  -> (artifact id: '6b741045b076a0a3f6043f50d7c6d950') in 0.004907 seconds
  Import took 0.010791 seconds .

========================================================================
Received Import Request.
  Time since last request: 3.607106 seconds.
  path: Assets/Scripts/HighScoreScript.cs
  artifactKey: Guid(70bea0033848bbf4cb9449c73bfeec64) Importer(815301076,1909f56bfc062723c751e8b465ee728b)
Start importing Assets/Scripts/HighScoreScript.cs using Guid(70bea0033848bbf4cb9449c73bfeec64) Importer(815301076,1909f56bfc062723c751e8b465ee728b)  -> (artifact id: 'a997416b92bebb22cd1a047dc6d2b1a1') in 0.003842 seconds
  Import took 0.008497 seconds .

========================================================================
Received Prepare
Registering precompiled user dll's ...
Registered in 0.013300 seconds.
Begin MonoManager ReloadAssembly
Native extension for WindowsStandalone target not found
Native extension for WebGL target not found
Refreshing native plugins compatible for Editor in 0.58 ms, found 3 plugins.
Preloading 0 native plugins for Editor in 0.00 ms.
Mono: successfully reloaded assembly
- Completed reload, in  1.431 seconds
Platform modules already initialized, skipping
Refreshing native plugins compatible for Editor in 0.58 ms, found 3 plugins.
Preloading 0 native plugins for Editor in 0.00 ms.
Unloading 2082 Unused Serialized files (Serialized files now loaded: 0)
System memory in use before: 101.9 MB.
System memory in use after: 101.9 MB.

Unloading 21 unused Assets to reduce memory usage. Loaded Objects now: 2545.
Total: 3.713800 ms (FindLiveObjects: 0.283600 ms CreateObjectMapping: 0.076600 ms MarkObjects: 3.174800 ms  DeleteObjects: 0.176900 ms)

========================================================================
Received Prepare
Registering precompiled user dll's ...
Registered in 0.006722 seconds.
Begin MonoManager ReloadAssembly
Native extension for WindowsStandalone target not found
Native extension for WebGL target not found
Refreshing native plugins compatible for Editor in 0.60 ms, found 3 plugins.
Preloading 0 native plugins for Editor in 0.00 ms.
Mono: successfully reloaded assembly
- Completed reload, in  1.455 seconds
Platform modules already initialized, skipping
Refreshing native plugins compatible for Editor in 0.58 ms, found 3 plugins.
Preloading 0 native plugins for Editor in 0.00 ms.
Unloading 2082 Unused Serialized files (Serialized files now loaded: 0)
System memory in use before: 101.9 MB.
System memory in use after: 101.9 MB.

Unloading 21 unused Assets to reduce memory usage. Loaded Objects now: 2549.
Total: 3.759200 ms (FindLiveObjects: 0.283100 ms CreateObjectMapping: 0.061500 ms MarkObjects: 3.235500 ms  DeleteObjects: 0.176700 ms)

========================================================================
Received Import Request.
  Time since last request: 393.235280 seconds.
  path: Assets/background setup.unity
  artifactKey: Guid(d7de07c7c4ba17f4a9a3f9b80752bb98) Importer(815301076,1909f56bfc062723c751e8b465ee728b)
Start importing Assets/background setup.unity using Guid(d7de07c7c4ba17f4a9a3f9b80752bb98) Importer(815301076,1909f56bfc062723c751e8b465ee728b)  -> (artifact id: '522b50e9c37e8d1317d07e32b252821a') in 0.019890 seconds
  Import took 0.024580 seconds .

========================================================================
Received Prepare
Registering precompiled user dll's ...
Registered in 0.014922 seconds.
Begin MonoManager ReloadAssembly
Native extension for WindowsStandalone target not found
Native extension for WebGL target not found
Refreshing native plugins compatible for Editor in 0.62 ms, found 3 plugins.
Preloading 0 native plugins for Editor in 0.00 ms.
Mono: successfully reloaded assembly
- Completed reload, in  1.411 seconds
Platform modules already initialized, skipping
Refreshing native plugins compatible for Editor in 0.56 ms, found 3 plugins.
Preloading 0 native plugins for Editor in 0.00 ms.
Unloading 2082 Unused Serialized files (Serialized files now loaded: 0)
System memory in use before: 102.0 MB.
System memory in use after: 102.0 MB.

Unloading 21 unused Assets to reduce memory usage. Loaded Objects now: 2553.
Total: 4.008300 ms (FindLiveObjects: 0.391000 ms CreateObjectMapping: 0.132000 ms MarkObjects: 3.324900 ms  DeleteObjects: 0.157900 ms)

========================================================================
Received Prepare
Registering precompiled user dll's ...
Registered in 0.005542 seconds.
Begin MonoManager ReloadAssembly
Native extension for WindowsStandalone target not found
Native extension for WebGL target not found
Refreshing native plugins compatible for Editor in 0.58 ms, found 3 plugins.
Preloading 0 native plugins for Editor in 0.00 ms.
Mono: successfully reloaded assembly
- Completed reload, in  1.408 seconds
Platform modules already initialized, skipping
Refreshing native plugins compatible for Editor in 0.89 ms, found 3 plugins.
Preloading 0 native plugins for Editor in 0.00 ms.
Unloading 2082 Unused Serialized files (Serialized files now loaded: 0)
System memory in use before: 102.0 MB.
System memory in use after: 102.0 MB.

Unloading 21 unused Assets to reduce memory usage. Loaded Objects now: 2557.
Total: 5.588900 ms (FindLiveObjects: 0.432900 ms CreateObjectMapping: 0.390800 ms MarkObjects: 4.586400 ms  DeleteObjects: 0.176400 ms)

========================================================================
Received Prepare
Registering precompiled user dll's ...
Registered in 0.005917 seconds.
Begin MonoManager ReloadAssembly
Native extension for WindowsStandalone target not found
Native extension for WebGL target not found
Refreshing native plugins compatible for Editor in 0.91 ms, found 3 plugins.
Preloading 0 native plugins for Editor in 0.00 ms.
Mono: successfully reloaded assembly
- Completed reload, in  1.399 seconds
Platform modules already initialized, skipping
Refreshing native plugins compatible for Editor in 0.58 ms, found 3 plugins.
Preloading 0 native plugins for Editor in 0.00 ms.
Unloading 2082 Unused Serialized files (Serialized files now loaded: 0)
System memory in use before: 102.0 MB.
System memory in use after: 102.0 MB.

Unloading 21 unused Assets to reduce memory usage. Loaded Objects now: 2561.
Total: 5.440500 ms (FindLiveObjects: 0.442500 ms CreateObjectMapping: 0.138200 ms MarkObjects: 4.631400 ms  DeleteObjects: 0.226600 ms)

========================================================================
Received Prepare
Registering precompiled user dll's ...
Registered in 0.005214 seconds.
Begin MonoManager ReloadAssembly
Native extension for WindowsStandalone target not found
Native extension for WebGL target not found
Refreshing native plugins compatible for Editor in 0.60 ms, found 3 plugins.
Preloading 0 native plugins for Editor in 0.00 ms.
Mono: successfully reloaded assembly
- Completed reload, in  1.369 seconds
Platform modules already initialized, skipping
Refreshing native plugins compatible for Editor in 0.59 ms, found 3 plugins.
Preloading 0 native plugins for Editor in 0.00 ms.
Unloading 2082 Unused Serialized files (Serialized files now loaded: 0)
System memory in use before: 102.0 MB.
System memory in use after: 102.0 MB.

Unloading 21 unused Assets to reduce memory usage. Loaded Objects now: 2565.
Total: 3.725400 ms (FindLiveObjects: 0.287500 ms CreateObjectMapping: 0.073700 ms MarkObjects: 3.178100 ms  DeleteObjects: 0.184500 ms)

========================================================================
Received Import Request.
  Time since last request: 63.213470 seconds.
  path: Assets/added slowness.unity
  artifactKey: Guid(0eb40eef998ef3b4dad5af76414c2029) Importer(815301076,1909f56bfc062723c751e8b465ee728b)
Start importing Assets/added slowness.unity using Guid(0eb40eef998ef3b4dad5af76414c2029) Importer(815301076,1909f56bfc062723c751e8b465ee728b)  -> (artifact id: '904ed2e8062ad3877f6afe5d730ee3ac') in 0.018080 seconds
  Import took 0.022501 seconds .

========================================================================
Received Import Request.
  Time since last request: 43.820445 seconds.
  path: Assets/Scripts/PlayerController.cs
  artifactKey: Guid(8db8f92a3125c2d4592ed8e3e2be556f) Importer(815301076,1909f56bfc062723c751e8b465ee728b)
Start importing Assets/Scripts/PlayerController.cs using Guid(8db8f92a3125c2d4592ed8e3e2be556f) Importer(815301076,1909f56bfc062723c751e8b465ee728b)  -> (artifact id: '977c12471a49fa512a1c2dbf4d4adb1e') in 0.004161 seconds
  Import took 0.009883 seconds .

========================================================================
Received Import Request.
  Time since last request: 0.038168 seconds.
  path: Assets/Scripts/PlayerController.cs
  artifactKey: Guid(8db8f92a3125c2d4592ed8e3e2be556f) Importer(815301076,1909f56bfc062723c751e8b465ee728b)
Start importing Assets/Scripts/PlayerController.cs using Guid(8db8f92a3125c2d4592ed8e3e2be556f) Importer(815301076,1909f56bfc062723c751e8b465ee728b)  -> (artifact id: '977c12471a49fa512a1c2dbf4d4adb1e') in 0.017154 seconds
  Import took 0.023113 seconds .

========================================================================
Received Import Request.
  Time since last request: 6.098576 seconds.
  path: Assets/Scripts/ScoreScript.cs
  artifactKey: Guid(e2de7e9d348f441458a2bcd96a0eeb3f) Importer(815301076,1909f56bfc062723c751e8b465ee728b)
Start importing Assets/Scripts/ScoreScript.cs using Guid(e2de7e9d348f441458a2bcd96a0eeb3f) Importer(815301076,1909f56bfc062723c751e8b465ee728b)  -> (artifact id: 'c4be41866529a8b299ee1fdeb47de359') in 0.004984 seconds
  Import took 0.009990 seconds .

========================================================================
Received Import Request.
  Time since last request: 4.702670 seconds.
  path: Assets/Scripts/UI_Manager.cs
  artifactKey: Guid(98602d413ecaa304ba024b8e83c5254c) Importer(815301076,1909f56bfc062723c751e8b465ee728b)
Start importing Assets/Scripts/UI_Manager.cs using Guid(98602d413ecaa304ba024b8e83c5254c) Importer(815301076,1909f56bfc062723c751e8b465ee728b)  -> (artifact id: '7b6cb919bfa21b50637e306bd2d66878') in 0.004657 seconds
  Import took 0.010627 seconds .

========================================================================
Received Prepare
Registering precompiled user dll's ...
Registered in 0.014482 seconds.
Begin MonoManager ReloadAssembly
Native extension for WindowsStandalone target not found
Native extension for WebGL target not found
Refreshing native plugins compatible for Editor in 1.04 ms, found 3 plugins.
Preloading 0 native plugins for Editor in 0.00 ms.
Mono: successfully reloaded assembly
- Completed reload, in  2.011 seconds
Platform modules already initialized, skipping
Refreshing native plugins compatible for Editor in 0.57 ms, found 3 plugins.
Preloading 0 native plugins for Editor in 0.00 ms.
Unloading 2082 Unused Serialized files (Serialized files now loaded: 0)
System memory in use before: 102.0 MB.
System memory in use after: 102.0 MB.

Unloading 21 unused Assets to reduce memory usage. Loaded Objects now: 2569.
Total: 3.686500 ms (FindLiveObjects: 0.321500 ms CreateObjectMapping: 0.073900 ms MarkObjects: 3.099500 ms  DeleteObjects: 0.189200 ms)

========================================================================
Received Prepare
Registering precompiled user dll's ...
Registered in 0.005696 seconds.
Begin MonoManager ReloadAssembly
Native extension for WindowsStandalone target not found
Native extension for WebGL target not found
Refreshing native plugins compatible for Editor in 0.59 ms, found 3 plugins.
Preloading 0 native plugins for Editor in 0.00 ms.
Mono: successfully reloaded assembly
- Completed reload, in  1.306 seconds
Platform modules already initialized, skipping
Refreshing native plugins compatible for Editor in 0.57 ms, found 3 plugins.
Preloading 0 native plugins for Editor in 0.00 ms.
Unloading 2082 Unused Serialized files (Serialized files now loaded: 0)
System memory in use before: 102.0 MB.
System memory in use after: 102.0 MB.

Unloading 21 unused Assets to reduce memory usage. Loaded Objects now: 2573.
Total: 2.834800 ms (FindLiveObjects: 0.255900 ms CreateObjectMapping: 0.053200 ms MarkObjects: 2.368600 ms  DeleteObjects: 0.155900 ms)

========================================================================
Received Prepare
Registering precompiled user dll's ...
Registered in 0.011781 seconds.
Begin MonoManager ReloadAssembly
Native extension for WindowsStandalone target not found
Native extension for WebGL target not found
Refreshing native plugins compatible for Editor in 0.59 ms, found 3 plugins.
Preloading 0 native plugins for Editor in 0.00 ms.
Mono: successfully reloaded assembly
- Completed reload, in  1.408 seconds
Platform modules already initialized, skipping
Refreshing native plugins compatible for Editor in 0.58 ms, found 3 plugins.
Preloading 0 native plugins for Editor in 0.00 ms.
Unloading 2082 Unused Serialized files (Serialized files now loaded: 0)
System memory in use before: 102.1 MB.
System memory in use after: 102.0 MB.

Unloading 21 unused Assets to reduce memory usage. Loaded Objects now: 2577.
Total: 3.554200 ms (FindLiveObjects: 0.281300 ms CreateObjectMapping: 0.072600 ms MarkObjects: 3.016900 ms  DeleteObjects: 0.181900 ms)

========================================================================
Received Prepare
Registering precompiled user dll's ...
Registered in 0.005343 seconds.
Begin MonoManager ReloadAssembly
Native extension for WindowsStandalone target not found
Native extension for WebGL target not found
Refreshing native plugins compatible for Editor in 0.58 ms, found 3 plugins.
Preloading 0 native plugins for Editor in 0.00 ms.
Mono: successfully reloaded assembly
- Completed reload, in  1.485 seconds
Platform modules already initialized, skipping
Refreshing native plugins compatible for Editor in 0.58 ms, found 3 plugins.
Preloading 0 native plugins for Editor in 0.00 ms.
Unloading 2082 Unused Serialized files (Serialized files now loaded: 0)
System memory in use before: 102.1 MB.
System memory in use after: 102.0 MB.

Unloading 21 unused Assets to reduce memory usage. Loaded Objects now: 2581.
Total: 3.902800 ms (FindLiveObjects: 0.259800 ms CreateObjectMapping: 0.052800 ms MarkObjects: 3.408600 ms  DeleteObjects: 0.179900 ms)

========================================================================
Received Prepare
Registering precompiled user dll's ...
Registered in 0.011030 seconds.
Begin MonoManager ReloadAssembly
Native extension for WindowsStandalone target not found
Native extension for WebGL target not found
Refreshing native plugins compatible for Editor in 0.60 ms, found 3 plugins.
Preloading 0 native plugins for Editor in 0.00 ms.
Mono: successfully reloaded assembly
- Completed reload, in  1.372 seconds
Platform modules already initialized, skipping
Refreshing native plugins compatible for Editor in 0.62 ms, found 3 plugins.
Preloading 0 native plugins for Editor in 0.00 ms.
Unloading 2082 Unused Serialized files (Serialized files now loaded: 0)
System memory in use before: 102.1 MB.
System memory in use after: 102.0 MB.

Unloading 21 unused Assets to reduce memory usage. Loaded Objects now: 2585.
Total: 2.875800 ms (FindLiveObjects: 0.345500 ms CreateObjectMapping: 0.054100 ms MarkObjects: 2.313800 ms  DeleteObjects: 0.161000 ms)

========================================================================
Received Prepare
Registering precompiled user dll's ...
Registered in 0.008053 seconds.
Begin MonoManager ReloadAssembly
Native extension for WindowsStandalone target not found
Native extension for WebGL target not found
Refreshing native plugins compatible for Editor in 0.72 ms, found 3 plugins.
Preloading 0 native plugins for Editor in 0.00 ms.
Mono: successfully reloaded assembly
- Completed reload, in  1.511 seconds
Platform modules already initialized, skipping
Refreshing native plugins compatible for Editor in 0.57 ms, found 3 plugins.
Preloading 0 native plugins for Editor in 0.00 ms.
Unloading 2082 Unused Serialized files (Serialized files now loaded: 0)
System memory in use before: 102.1 MB.
System memory in use after: 102.1 MB.

Unloading 21 unused Assets to reduce memory usage. Loaded Objects now: 2589.
Total: 3.521700 ms (FindLiveObjects: 0.323100 ms CreateObjectMapping: 0.067600 ms MarkObjects: 2.961900 ms  DeleteObjects: 0.167400 ms)

========================================================================
Received Prepare
Registering precompiled user dll's ...
Registered in 0.005992 seconds.
Begin MonoManager ReloadAssembly
Native extension for WindowsStandalone target not found
Native extension for WebGL target not found
Refreshing native plugins compatible for Editor in 0.57 ms, found 3 plugins.
Preloading 0 native plugins for Editor in 0.00 ms.
Mono: successfully reloaded assembly
- Completed reload, in  1.442 seconds
Platform modules already initialized, skipping
Refreshing native plugins compatible for Editor in 0.58 ms, found 3 plugins.
Preloading 0 native plugins for Editor in 0.00 ms.
Unloading 2082 Unused Serialized files (Serialized files now loaded: 0)
System memory in use before: 102.1 MB.
System memory in use after: 102.1 MB.

Unloading 21 unused Assets to reduce memory usage. Loaded Objects now: 2593.
Total: 2.881200 ms (FindLiveObjects: 0.294300 ms CreateObjectMapping: 0.076200 ms MarkObjects: 2.348900 ms  DeleteObjects: 0.160400 ms)

========================================================================
Received Prepare
Registering precompiled user dll's ...
Registered in 0.020343 seconds.
Begin MonoManager ReloadAssembly
Native extension for WindowsStandalone target not found
Native extension for WebGL target not found
Refreshing native plugins compatible for Editor in 0.58 ms, found 3 plugins.
Preloading 0 native plugins for Editor in 0.00 ms.
Mono: successfully reloaded assembly
- Completed reload, in  1.455 seconds
Platform modules already initialized, skipping
Refreshing native plugins compatible for Editor in 0.66 ms, found 3 plugins.
Preloading 0 native plugins for Editor in 0.00 ms.
Unloading 2082 Unused Serialized files (Serialized files now loaded: 0)
System memory in use before: 102.1 MB.
System memory in use after: 102.1 MB.

Unloading 21 unused Assets to reduce memory usage. Loaded Objects now: 2597.
Total: 3.386600 ms (FindLiveObjects: 0.328400 ms CreateObjectMapping: 0.086200 ms MarkObjects: 2.798300 ms  DeleteObjects: 0.171500 ms)

========================================================================
Received Prepare
Registering precompiled user dll's ...
Registered in 0.010779 seconds.
Begin MonoManager ReloadAssembly
Native extension for WindowsStandalone target not found
Native extension for WebGL target not found
Refreshing native plugins compatible for Editor in 0.59 ms, found 3 plugins.
Preloading 0 native plugins for Editor in 0.00 ms.
Mono: successfully reloaded assembly
- Completed reload, in  1.317 seconds
Platform modules already initialized, skipping
Refreshing native plugins compatible for Editor in 0.60 ms, found 3 plugins.
Preloading 0 native plugins for Editor in 0.00 ms.
Unloading 2082 Unused Serialized files (Serialized files now loaded: 0)
System memory in use before: 102.1 MB.
System memory in use after: 102.1 MB.

Unloading 21 unused Assets to reduce memory usage. Loaded Objects now: 2601.
Total: 3.519100 ms (FindLiveObjects: 0.401200 ms CreateObjectMapping: 0.092300 ms MarkObjects: 2.839200 ms  DeleteObjects: 0.183700 ms)

========================================================================
Received Prepare
Registering precompiled user dll's ...
Registered in 0.014191 seconds.
Begin MonoManager ReloadAssembly
Native extension for WindowsStandalone target not found
Native extension for WebGL target not found
Refreshing native plugins compatible for Editor in 0.99 ms, found 3 plugins.
Preloading 0 native plugins for Editor in 0.00 ms.
Mono: successfully reloaded assembly
- Completed reload, in  1.446 seconds
Platform modules already initialized, skipping
Refreshing native plugins compatible for Editor in 0.60 ms, found 3 plugins.
Preloading 0 native plugins for Editor in 0.00 ms.
Unloading 2082 Unused Serialized files (Serialized files now loaded: 0)
System memory in use before: 102.1 MB.
System memory in use after: 102.1 MB.

Unloading 21 unused Assets to reduce memory usage. Loaded Objects now: 2605.
Total: 3.580000 ms (FindLiveObjects: 0.292900 ms CreateObjectMapping: 0.088500 ms MarkObjects: 3.033900 ms  DeleteObjects: 0.162500 ms)

========================================================================
Received Prepare
Registering precompiled user dll's ...
Registered in 0.011736 seconds.
Begin MonoManager ReloadAssembly
Native extension for WindowsStandalone target not found
Native extension for WebGL target not found
Refreshing native plugins compatible for Editor in 0.58 ms, found 3 plugins.
Preloading 0 native plugins for Editor in 0.00 ms.
Mono: successfully reloaded assembly
- Completed reload, in  1.622 seconds
Platform modules already initialized, skipping
Refreshing native plugins compatible for Editor in 0.88 ms, found 3 plugins.
Preloading 0 native plugins for Editor in 0.00 ms.
Unloading 2082 Unused Serialized files (Serialized files now loaded: 0)
System memory in use before: 102.1 MB.
System memory in use after: 102.1 MB.

Unloading 21 unused Assets to reduce memory usage. Loaded Objects now: 2609.
Total: 2.908200 ms (FindLiveObjects: 0.271900 ms CreateObjectMapping: 0.052600 ms MarkObjects: 2.422300 ms  DeleteObjects: 0.159800 ms)

========================================================================
Received Prepare
Registering precompiled user dll's ...
Registered in 0.010962 seconds.
Begin MonoManager ReloadAssembly
Native extension for WindowsStandalone target not found
Native extension for WebGL target not found
Refreshing native plugins compatible for Editor in 0.59 ms, found 3 plugins.
Preloading 0 native plugins for Editor in 0.00 ms.
Mono: successfully reloaded assembly
- Completed reload, in  1.304 seconds
Platform modules already initialized, skipping
Refreshing native plugins compatible for Editor in 0.85 ms, found 3 plugins.
Preloading 0 native plugins for Editor in 0.00 ms.
Unloading 2082 Unused Serialized files (Serialized files now loaded: 0)
System memory in use before: 102.1 MB.
System memory in use after: 102.1 MB.

Unloading 21 unused Assets to reduce memory usage. Loaded Objects now: 2613.
Total: 3.542600 ms (FindLiveObjects: 0.370600 ms CreateObjectMapping: 0.069200 ms MarkObjects: 2.918400 ms  DeleteObjects: 0.182700 ms)

========================================================================
Received Prepare
Registering precompiled user dll's ...
Registered in 0.006909 seconds.
Begin MonoManager ReloadAssembly
Native extension for WindowsStandalone target not found
Native extension for WebGL target not found
Refreshing native plugins compatible for Editor in 0.83 ms, found 3 plugins.
Preloading 0 native plugins for Editor in 0.00 ms.
Mono: successfully reloaded assembly
- Completed reload, in  1.372 seconds
Platform modules already initialized, skipping
Refreshing native plugins compatible for Editor in 0.57 ms, found 3 plugins.
Preloading 0 native plugins for Editor in 0.00 ms.
Unloading 2082 Unused Serialized files (Serialized files now loaded: 0)
System memory in use before: 102.1 MB.
System memory in use after: 102.1 MB.

Unloading 21 unused Assets to reduce memory usage. Loaded Objects now: 2617.
Total: 3.828400 ms (FindLiveObjects: 0.286000 ms CreateObjectMapping: 0.073700 ms MarkObjects: 3.276200 ms  DeleteObjects: 0.190300 ms)

========================================================================
Received Prepare
Registering precompiled user dll's ...
Registered in 0.008762 seconds.
Begin MonoManager ReloadAssembly
Native extension for WindowsStandalone target not found
Native extension for WebGL target not found
Refreshing native plugins compatible for Editor in 0.95 ms, found 3 plugins.
Preloading 0 native plugins for Editor in 0.00 ms.
Mono: successfully reloaded assembly
- Completed reload, in  1.453 seconds
Platform modules already initialized, skipping
Refreshing native plugins compatible for Editor in 0.82 ms, found 3 plugins.
Preloading 0 native plugins for Editor in 0.00 ms.
Unloading 2082 Unused Serialized files (Serialized files now loaded: 0)
System memory in use before: 102.1 MB.
System memory in use after: 102.1 MB.

Unloading 21 unused Assets to reduce memory usage. Loaded Objects now: 2621.
Total: 4.900600 ms (FindLiveObjects: 0.416600 ms CreateObjectMapping: 0.109300 ms MarkObjects: 4.161700 ms  DeleteObjects: 0.211000 ms)

========================================================================
Received Prepare
Registering precompiled user dll's ...
Registered in 0.005303 seconds.
Begin MonoManager ReloadAssembly
Native extension for WindowsStandalone target not found
Native extension for WebGL target not found
Refreshing native plugins compatible for Editor in 0.59 ms, found 3 plugins.
Preloading 0 native plugins for Editor in 0.00 ms.
Mono: successfully reloaded assembly
- Completed reload, in  1.402 seconds
Platform modules already initialized, skipping
Refreshing native plugins compatible for Editor in 0.65 ms, found 3 plugins.
Preloading 0 native plugins for Editor in 0.00 ms.
Unloading 2082 Unused Serialized files (Serialized files now loaded: 0)
System memory in use before: 102.2 MB.
System memory in use after: 102.1 MB.

Unloading 21 unused Assets to reduce memory usage. Loaded Objects now: 2625.
Total: 4.143100 ms (FindLiveObjects: 0.309300 ms CreateObjectMapping: 0.075900 ms MarkObjects: 3.553700 ms  DeleteObjects: 0.202200 ms)

========================================================================
Received Prepare
Registering precompiled user dll's ...
Registered in 0.006013 seconds.
Begin MonoManager ReloadAssembly
Native extension for WindowsStandalone target not found
Native extension for WebGL target not found
Refreshing native plugins compatible for Editor in 0.69 ms, found 3 plugins.
Preloading 0 native plugins for Editor in 0.00 ms.
Mono: successfully reloaded assembly
- Completed reload, in  1.457 seconds
Platform modules already initialized, skipping
Refreshing native plugins compatible for Editor in 0.57 ms, found 3 plugins.
Preloading 0 native plugins for Editor in 0.00 ms.
Unloading 2082 Unused Serialized files (Serialized files now loaded: 0)
System memory in use before: 102.2 MB.
System memory in use after: 102.1 MB.

Unloading 21 unused Assets to reduce memory usage. Loaded Objects now: 2629.
Total: 3.712600 ms (FindLiveObjects: 0.287800 ms CreateObjectMapping: 0.072700 ms MarkObjects: 3.156700 ms  DeleteObjects: 0.193600 ms)

========================================================================
Received Prepare
Registering precompiled user dll's ...
Registered in 0.020870 seconds.
Begin MonoManager ReloadAssembly
Native extension for WindowsStandalone target not found
Native extension for WebGL target not found
Refreshing native plugins compatible for Editor in 0.59 ms, found 3 plugins.
Preloading 0 native plugins for Editor in 0.00 ms.
Mono: successfully reloaded assembly
- Completed reload, in  1.431 seconds
Platform modules already initialized, skipping
Refreshing native plugins compatible for Editor in 1.39 ms, found 3 plugins.
Preloading 0 native plugins for Editor in 0.00 ms.
Unloading 2082 Unused Serialized files (Serialized files now loaded: 0)
System memory in use before: 102.2 MB.
System memory in use after: 102.2 MB.

Unloading 21 unused Assets to reduce memory usage. Loaded Objects now: 2633.
Total: 8.903300 ms (FindLiveObjects: 0.989500 ms CreateObjectMapping: 0.300500 ms MarkObjects: 7.176800 ms  DeleteObjects: 0.430700 ms)

========================================================================
Received Prepare
Registering precompiled user dll's ...
Registered in 0.005980 seconds.
Begin MonoManager ReloadAssembly
Native extension for WindowsStandalone target not found
Native extension for WebGL target not found
Refreshing native plugins compatible for Editor in 0.59 ms, found 3 plugins.
Preloading 0 native plugins for Editor in 0.00 ms.
Mono: successfully reloaded assembly
- Completed reload, in  1.376 seconds
Platform modules already initialized, skipping
Refreshing native plugins compatible for Editor in 0.57 ms, found 3 plugins.
Preloading 0 native plugins for Editor in 0.00 ms.
Unloading 2082 Unused Serialized files (Serialized files now loaded: 0)
System memory in use before: 102.2 MB.
System memory in use after: 102.2 MB.

Unloading 21 unused Assets to reduce memory usage. Loaded Objects now: 2637.
Total: 3.253600 ms (FindLiveObjects: 0.287700 ms CreateObjectMapping: 0.074500 ms MarkObjects: 2.725700 ms  DeleteObjects: 0.164000 ms)

========================================================================
Received Prepare
Registering precompiled user dll's ...
Registered in 0.005613 seconds.
Begin MonoManager ReloadAssembly
Native extension for WindowsStandalone target not found
Native extension for WebGL target not found
Refreshing native plugins compatible for Editor in 0.65 ms, found 3 plugins.
Preloading 0 native plugins for Editor in 0.00 ms.
Mono: successfully reloaded assembly
- Completed reload, in  1.424 seconds
Platform modules already initialized, skipping
Refreshing native plugins compatible for Editor in 0.69 ms, found 3 plugins.
Preloading 0 native plugins for Editor in 0.00 ms.
Unloading 2082 Unused Serialized files (Serialized files now loaded: 0)
System memory in use before: 102.2 MB.
System memory in use after: 102.2 MB.

Unloading 21 unused Assets to reduce memory usage. Loaded Objects now: 2641.
Total: 3.633400 ms (FindLiveObjects: 0.292100 ms CreateObjectMapping: 0.073500 ms MarkObjects: 3.076900 ms  DeleteObjects: 0.189100 ms)

========================================================================
Received Prepare
Registering precompiled user dll's ...
Registered in 0.006656 seconds.
Begin MonoManager ReloadAssembly
Native extension for WindowsStandalone target not found
Native extension for WebGL target not found
Refreshing native plugins compatible for Editor in 0.58 ms, found 3 plugins.
Preloading 0 native plugins for Editor in 0.00 ms.
Mono: successfully reloaded assembly
- Completed reload, in  1.305 seconds
Platform modules already initialized, skipping
Refreshing native plugins compatible for Editor in 0.58 ms, found 3 plugins.
Preloading 0 native plugins for Editor in 0.00 ms.
Unloading 2082 Unused Serialized files (Serialized files now loaded: 0)
System memory in use before: 102.2 MB.
System memory in use after: 102.2 MB.

Unloading 21 unused Assets to reduce memory usage. Loaded Objects now: 2645.
Total: 2.980900 ms (FindLiveObjects: 0.259600 ms CreateObjectMapping: 0.053100 ms MarkObjects: 2.510300 ms  DeleteObjects: 0.156200 ms)

========================================================================
Received Prepare
Registering precompiled user dll's ...
Registered in 0.005397 seconds.
Begin MonoManager ReloadAssembly
Native extension for WindowsStandalone target not found
Native extension for WebGL target not found
Refreshing native plugins compatible for Editor in 0.68 ms, found 3 plugins.
Preloading 0 native plugins for Editor in 0.00 ms.
Mono: successfully reloaded assembly
- Completed reload, in  1.515 seconds
Platform modules already initialized, skipping
Refreshing native plugins compatible for Editor in 0.57 ms, found 3 plugins.
Preloading 0 native plugins for Editor in 0.00 ms.
Unloading 2082 Unused Serialized files (Serialized files now loaded: 0)
System memory in use before: 102.2 MB.
System memory in use after: 102.2 MB.

Unloading 21 unused Assets to reduce memory usage. Loaded Objects now: 2649.
Total: 3.178300 ms (FindLiveObjects: 0.302200 ms CreateObjectMapping: 0.181400 ms MarkObjects: 2.538400 ms  DeleteObjects: 0.155000 ms)

========================================================================
Received Prepare
Registering precompiled user dll's ...
Registered in 0.005458 seconds.
Begin MonoManager ReloadAssembly
Native extension for WindowsStandalone target not found
Native extension for WebGL target not found
Refreshing native plugins compatible for Editor in 1.06 ms, found 3 plugins.
Preloading 0 native plugins for Editor in 0.00 ms.
Mono: successfully reloaded assembly
- Completed reload, in  1.499 seconds
Platform modules already initialized, skipping
Refreshing native plugins compatible for Editor in 0.59 ms, found 3 plugins.
Preloading 0 native plugins for Editor in 0.00 ms.
Unloading 2129 Unused Serialized files (Serialized files now loaded: 0)
System memory in use before: 105.1 MB.
System memory in use after: 104.4 MB.

Unloading 34 unused Assets to reduce memory usage. Loaded Objects now: 2687.
Total: 3.893800 ms (FindLiveObjects: 0.285700 ms CreateObjectMapping: 0.064900 ms MarkObjects: 2.963100 ms  DeleteObjects: 0.578600 ms)

========================================================================
Received Import Request.
  Time since last request: 5219.643923 seconds.
  path: Assets/TextMesh Pro/Resources/Fonts & Materials/LiberationSans SDF.asset
  artifactKey: Guid(8f586378b4e144a9851e7b34d9b748ee) Importer(815301076,1909f56bfc062723c751e8b465ee728b)
Start importing Assets/TextMesh Pro/Resources/Fonts & Materials/LiberationSans SDF.asset using Guid(8f586378b4e144a9851e7b34d9b748ee) Importer(815301076,1909f56bfc062723c751e8b465ee728b)  -> (artifact id: 'f1280cc7be10b532b2897fc8654f95d3') in 0.646253 seconds
  Import took 0.652344 seconds .

========================================================================
Received Import Request.
  Time since last request: 0.016444 seconds.
  path: Assets/TextMesh Pro/Resources/Fonts & Materials/LiberationSans SDF.asset
  artifactKey: Guid(8f586378b4e144a9851e7b34d9b748ee) Importer(815301076,1909f56bfc062723c751e8b465ee728b)
Start importing Assets/TextMesh Pro/Resources/Fonts & Materials/LiberationSans SDF.asset using Guid(8f586378b4e144a9851e7b34d9b748ee) Importer(815301076,1909f56bfc062723c751e8b465ee728b)  -> (artifact id: 'f1280cc7be10b532b2897fc8654f95d3') in 0.053402 seconds
  Import took 0.059860 seconds .

========================================================================
Received Prepare
Registering precompiled user dll's ...
Registered in 0.006209 seconds.
Begin MonoManager ReloadAssembly
Native extension for WindowsStandalone target not found
Native extension for WebGL target not found
Refreshing native plugins compatible for Editor in 0.60 ms, found 3 plugins.
Preloading 0 native plugins for Editor in 0.00 ms.
Mono: successfully reloaded assembly
- Completed reload, in  1.461 seconds
Platform modules already initialized, skipping
Refreshing native plugins compatible for Editor in 1.02 ms, found 3 plugins.
Preloading 0 native plugins for Editor in 0.00 ms.
Unloading 2129 Unused Serialized files (Serialized files now loaded: 0)
System memory in use before: 105.5 MB.
System memory in use after: 105.0 MB.

Unloading 33 unused Assets to reduce memory usage. Loaded Objects now: 2728.
Total: 4.171500 ms (FindLiveObjects: 0.330100 ms CreateObjectMapping: 0.073300 ms MarkObjects: 3.254600 ms  DeleteObjects: 0.511400 ms)

========================================================================
Received Prepare
Registering precompiled user dll's ...
Registered in 0.005640 seconds.
Begin MonoManager ReloadAssembly
Native extension for WindowsStandalone target not found
Native extension for WebGL target not found
Refreshing native plugins compatible for Editor in 0.61 ms, found 3 plugins.
Preloading 0 native plugins for Editor in 0.00 ms.
Mono: successfully reloaded assembly
- Completed reload, in  1.414 seconds
Platform modules already initialized, skipping
Refreshing native plugins compatible for Editor in 0.60 ms, found 3 plugins.
Preloading 0 native plugins for Editor in 0.00 ms.
Unloading 2128 Unused Serialized files (Serialized files now loaded: 0)
System memory in use before: 105.4 MB.
System memory in use after: 104.9 MB.

Unloading 33 unused Assets to reduce memory usage. Loaded Objects now: 2732.
Total: 3.832700 ms (FindLiveObjects: 0.349700 ms CreateObjectMapping: 0.086000 ms MarkObjects: 2.881900 ms  DeleteObjects: 0.512800 ms)

========================================================================
Received Prepare
Registering precompiled user dll's ...
Registered in 0.006094 seconds.
Begin MonoManager ReloadAssembly
Native extension for WindowsStandalone target not found
Native extension for WebGL target not found
Refreshing native plugins compatible for Editor in 0.61 ms, found 3 plugins.
Preloading 0 native plugins for Editor in 0.00 ms.
Mono: successfully reloaded assembly
- Completed reload, in  1.487 seconds
Platform modules already initialized, skipping
Refreshing native plugins compatible for Editor in 0.59 ms, found 3 plugins.
Preloading 0 native plugins for Editor in 0.00 ms.
Unloading 2128 Unused Serialized files (Serialized files now loaded: 0)
System memory in use before: 105.4 MB.
System memory in use after: 104.9 MB.

Unloading 33 unused Assets to reduce memory usage. Loaded Objects now: 2736.
Total: 4.208700 ms (FindLiveObjects: 0.331700 ms CreateObjectMapping: 0.082300 ms MarkObjects: 3.105300 ms  DeleteObjects: 0.687300 ms)

========================================================================
Received Prepare
Registering precompiled user dll's ...
Registered in 0.005603 seconds.
Begin MonoManager ReloadAssembly
Native extension for WindowsStandalone target not found
Native extension for WebGL target not found
Refreshing native plugins compatible for Editor in 0.60 ms, found 3 plugins.
Preloading 0 native plugins for Editor in 0.00 ms.
Mono: successfully reloaded assembly
- Completed reload, in  1.466 seconds
Platform modules already initialized, skipping
Refreshing native plugins compatible for Editor in 0.88 ms, found 3 plugins.
Preloading 0 native plugins for Editor in 0.00 ms.
Unloading 2128 Unused Serialized files (Serialized files now loaded: 0)
System memory in use before: 105.4 MB.
System memory in use after: 104.9 MB.

Unloading 33 unused Assets to reduce memory usage. Loaded Objects now: 2740.
Total: 4.738400 ms (FindLiveObjects: 0.399000 ms CreateObjectMapping: 0.121500 ms MarkObjects: 3.585500 ms  DeleteObjects: 0.630100 ms)

========================================================================
Received Prepare
Registering precompiled user dll's ...
Registered in 0.007275 seconds.
Begin MonoManager ReloadAssembly
Native extension for WindowsStandalone target not found
Native extension for WebGL target not found
Refreshing native plugins compatible for Editor in 1.06 ms, found 3 plugins.
Preloading 0 native plugins for Editor in 0.00 ms.
Mono: successfully reloaded assembly
- Completed reload, in  1.626 seconds
Platform modules already initialized, skipping
Refreshing native plugins compatible for Editor in 0.60 ms, found 3 plugins.
Preloading 0 native plugins for Editor in 0.00 ms.
Unloading 2129 Unused Serialized files (Serialized files now loaded: 0)
System memory in use before: 105.5 MB.
System memory in use after: 104.9 MB.

Unloading 33 unused Assets to reduce memory usage. Loaded Objects now: 2745.
Total: 5.339100 ms (FindLiveObjects: 0.740300 ms CreateObjectMapping: 0.248900 ms MarkObjects: 3.833100 ms  DeleteObjects: 0.515100 ms)

========================================================================
Received Prepare
Registering precompiled user dll's ...
Registered in 0.007241 seconds.
Begin MonoManager ReloadAssembly
Native extension for WindowsStandalone target not found
Native extension for WebGL target not found
Refreshing native plugins compatible for Editor in 0.63 ms, found 3 plugins.
Preloading 0 native plugins for Editor in 0.00 ms.
Mono: successfully reloaded assembly
- Completed reload, in  1.382 seconds
Platform modules already initialized, skipping
Refreshing native plugins compatible for Editor in 0.59 ms, found 3 plugins.
Preloading 0 native plugins for Editor in 0.00 ms.
Unloading 2129 Unused Serialized files (Serialized files now loaded: 0)
System memory in use before: 105.5 MB.
System memory in use after: 104.9 MB.

Unloading 33 unused Assets to reduce memory usage. Loaded Objects now: 2749.
Total: 4.189200 ms (FindLiveObjects: 0.335600 ms CreateObjectMapping: 0.086800 ms MarkObjects: 3.147900 ms  DeleteObjects: 0.617400 ms)

========================================================================
Received Prepare
Registering precompiled user dll's ...
Registered in 0.005414 seconds.
Begin MonoManager ReloadAssembly
Native extension for WindowsStandalone target not found
Native extension for WebGL target not found
Refreshing native plugins compatible for Editor in 0.61 ms, found 3 plugins.
Preloading 0 native plugins for Editor in 0.00 ms.
Mono: successfully reloaded assembly
- Completed reload, in  1.356 seconds
Platform modules already initialized, skipping
Refreshing native plugins compatible for Editor in 0.59 ms, found 3 plugins.
Preloading 0 native plugins for Editor in 0.00 ms.
Unloading 2129 Unused Serialized files (Serialized files now loaded: 0)
System memory in use before: 105.5 MB.
System memory in use after: 105.0 MB.

Unloading 33 unused Assets to reduce memory usage. Loaded Objects now: 2753.
Total: 3.822700 ms (FindLiveObjects: 0.337500 ms CreateObjectMapping: 0.083200 ms MarkObjects: 2.872200 ms  DeleteObjects: 0.527700 ms)

========================================================================
Received Prepare
Registering precompiled user dll's ...
Registered in 0.005817 seconds.
Begin MonoManager ReloadAssembly
Native extension for WindowsStandalone target not found
Native extension for WebGL target not found
Refreshing native plugins compatible for Editor in 0.62 ms, found 3 plugins.
Preloading 0 native plugins for Editor in 0.00 ms.
Mono: successfully reloaded assembly
- Completed reload, in  1.319 seconds
Platform modules already initialized, skipping
Refreshing native plugins compatible for Editor in 0.98 ms, found 3 plugins.
Preloading 0 native plugins for Editor in 0.00 ms.
Unloading 2129 Unused Serialized files (Serialized files now loaded: 0)
System memory in use before: 105.4 MB.
System memory in use after: 104.9 MB.

Unloading 33 unused Assets to reduce memory usage. Loaded Objects now: 2757.
Total: 4.360200 ms (FindLiveObjects: 0.335700 ms CreateObjectMapping: 0.083600 ms MarkObjects: 3.272100 ms  DeleteObjects: 0.667500 ms)

========================================================================
Received Prepare
Registering precompiled user dll's ...
Registered in 0.006072 seconds.
Begin MonoManager ReloadAssembly
Native extension for WindowsStandalone target not found
Native extension for WebGL target not found
Refreshing native plugins compatible for Editor in 0.67 ms, found 3 plugins.
Preloading 0 native plugins for Editor in 0.00 ms.
Mono: successfully reloaded assembly
- Completed reload, in  1.487 seconds
Platform modules already initialized, skipping
Refreshing native plugins compatible for Editor in 0.59 ms, found 3 plugins.
Preloading 0 native plugins for Editor in 0.00 ms.
Unloading 2129 Unused Serialized files (Serialized files now loaded: 0)
System memory in use before: 105.5 MB.
System memory in use after: 105.0 MB.

Unloading 33 unused Assets to reduce memory usage. Loaded Objects now: 2761.
Total: 3.636400 ms (FindLiveObjects: 0.314800 ms CreateObjectMapping: 0.071300 ms MarkObjects: 2.672900 ms  DeleteObjects: 0.576400 ms)

========================================================================
Received Import Request.
  Time since last request: 2184.215158 seconds.
  path: Assets/TextMesh Pro/Examples & Extras/Fonts/Anton.ttf
  artifactKey: Guid(997a43b767814dd0a7642ec9b78cba41) Importer(815301076,1909f56bfc062723c751e8b465ee728b)
Start importing Assets/TextMesh Pro/Examples & Extras/Fonts/Anton.ttf using Guid(997a43b767814dd0a7642ec9b78cba41) Importer(815301076,1909f56bfc062723c751e8b465ee728b)  -> (artifact id: 'a682bbb39787555d96ca66a99595bfc7') in 0.128380 seconds
  Import took 0.133061 seconds .

========================================================================
Received Import Request.
  Time since last request: 0.000321 seconds.
  path: Assets/TextMesh Pro/Examples & Extras/Resources/Fonts & Materials/Anton SDF.asset
  artifactKey: Guid(8a89fa14b10d46a99122fd4f73fca9a2) Importer(815301076,1909f56bfc062723c751e8b465ee728b)
Start importing Assets/TextMesh Pro/Examples & Extras/Resources/Fonts & Materials/Anton SDF.asset using Guid(8a89fa14b10d46a99122fd4f73fca9a2) Importer(815301076,1909f56bfc062723c751e8b465ee728b)  -> (artifact id: '89f74535dbbe80d820aad8820167369b') in 0.048177 seconds
  Import took 0.052974 seconds .

========================================================================
Received Import Request.
  Time since last request: 0.000300 seconds.
  path: Assets/TextMesh Pro/Examples & Extras/Resources/Fonts & Materials/Anton SDF - Drop Shadow.mat
  artifactKey: Guid(749b9069dc4742c5bfa5c74644049926) Importer(815301076,1909f56bfc062723c751e8b465ee728b)
Start importing Assets/TextMesh Pro/Examples & Extras/Resources/Fonts & Materials/Anton SDF - Drop Shadow.mat using Guid(749b9069dc4742c5bfa5c74644049926) Importer(815301076,1909f56bfc062723c751e8b465ee728b)  -> (artifact id: '9b9a6dbab25d6543dfee2789e8fae952') in 0.115575 seconds
  Import took 0.119444 seconds .

========================================================================
Received Import Request.
  Time since last request: 0.000275 seconds.
  path: Assets/TextMesh Pro/Examples & Extras/Resources/Fonts & Materials/Bangers SDF - Outline.mat
  artifactKey: Guid(f629c6e43dba4bf38cb74d8860150664) Importer(815301076,1909f56bfc062723c751e8b465ee728b)
Start importing Assets/TextMesh Pro/Examples & Extras/Resources/Fonts & Materials/Bangers SDF - Outline.mat using Guid(f629c6e43dba4bf38cb74d8860150664) Importer(815301076,1909f56bfc062723c751e8b465ee728b)  -> (artifact id: 'f18b71994742d88d97c1c2a21580d2d7') in 0.075225 seconds
  Import took 0.079342 seconds .

========================================================================
Received Import Request.
  Time since last request: 0.000278 seconds.
  path: Assets/TextMesh Pro/Examples & Extras/Resources/Fonts & Materials/Anton SDF - Sunny Days.mat
  artifactKey: Guid(6522f30e342599e4e9dd4cc2cc03c830) Importer(815301076,1909f56bfc062723c751e8b465ee728b)
Start importing Assets/TextMesh Pro/Examples & Extras/Resources/Fonts & Materials/Anton SDF - Sunny Days.mat using Guid(6522f30e342599e4e9dd4cc2cc03c830) Importer(815301076,1909f56bfc062723c751e8b465ee728b)  -> (artifact id: '3ab2dc3a4077b37fe1bf25fc2e34219a') in 0.134400 seconds
  Import took 0.138803 seconds .

========================================================================
Received Import Request.
  Time since last request: 0.000307 seconds.
  path: Assets/TextMesh Pro/Examples & Extras/Resources/Fonts & Materials/Bangers SDF.asset
  artifactKey: Guid(125cb55b44b24c4393181402bc6200e6) Importer(815301076,1909f56bfc062723c751e8b465ee728b)
Start importing Assets/TextMesh Pro/Examples & Extras/Resources/Fonts & Materials/Bangers SDF.asset using Guid(125cb55b44b24c4393181402bc6200e6) Importer(815301076,1909f56bfc062723c751e8b465ee728b)  -> (artifact id: '6ba1bb398137a00be6e06e68b72b365d') in 0.027733 seconds
  Import took 0.032990 seconds .

========================================================================
Received Import Request.
  Time since last request: 0.000330 seconds.
  path: Assets/TextMesh Pro/Examples & Extras/Resources/Fonts & Materials/Bangers SDF - Drop Shadow.mat
  artifactKey: Guid(f2dcf029949142e28b974630369c8b4e) Importer(815301076,1909f56bfc062723c751e8b465ee728b)
Start importing Assets/TextMesh Pro/Examples & Extras/Resources/Fonts & Materials/Bangers SDF - Drop Shadow.mat using Guid(f2dcf029949142e28b974630369c8b4e) Importer(815301076,1909f56bfc062723c751e8b465ee728b)  -> (artifact id: 'a0d5558f03e795f216f7f29785091b5c') in 0.019065 seconds
  Import took 0.024628 seconds .

========================================================================
Received Import Request.
  Time since last request: 0.000285 seconds.
  path: Assets/TextMesh Pro/Examples & Extras/Resources/Fonts & Materials/Bangers SDF Glow.mat
  artifactKey: Guid(d75b8f41e959450c84ac6e967084d3e1) Importer(815301076,1909f56bfc062723c751e8b465ee728b)
Start importing Assets/TextMesh Pro/Examples & Extras/Resources/Fonts & Materials/Bangers SDF Glow.mat using Guid(d75b8f41e959450c84ac6e967084d3e1) Importer(815301076,1909f56bfc062723c751e8b465ee728b)  -> (artifact id: 'b0993877c1c0e22b53a69262c6ee2775') in 0.117271 seconds
  Import took 0.121826 seconds .

========================================================================
Received Import Request.
  Time since last request: 0.000294 seconds.
  path: Assets/TextMesh Pro/Examples & Extras/Resources/Fonts & Materials/Anton SDF - Outline.mat
  artifactKey: Guid(a00013af81304728b2be1f4309ee2433) Importer(815301076,1909f56bfc062723c751e8b465ee728b)
Start importing Assets/TextMesh Pro/Examples & Extras/Resources/Fonts & Materials/Anton SDF - Outline.mat using Guid(a00013af81304728b2be1f4309ee2433) Importer(815301076,1909f56bfc062723c751e8b465ee728b)  -> (artifact id: '2507f20aeeae8d98f86e4c2025440d37') in 0.011752 seconds
  Import took 0.017191 seconds .

========================================================================
Received Import Request.
  Time since last request: 0.000474 seconds.
  path: Assets/TextMesh Pro/Examples & Extras/Fonts/Bangers.ttf
  artifactKey: Guid(5dd49b3eacc540408c98eee0de38e0f1) Importer(815301076,1909f56bfc062723c751e8b465ee728b)
Start importing Assets/TextMesh Pro/Examples & Extras/Fonts/Bangers.ttf using Guid(5dd49b3eacc540408c98eee0de38e0f1) Importer(815301076,1909f56bfc062723c751e8b465ee728b)  -> (artifact id: '4bcbddb7e72e92fa3a6f13b2b0717c42') in 0.017444 seconds
  Import took 0.022252 seconds .

========================================================================
Received Import Request.
  Time since last request: 0.000355 seconds.
  path: Assets/TextMesh Pro/Examples & Extras/Resources/Fonts & Materials/Bangers SDF Logo.mat
  artifactKey: Guid(f4e195ac1e204eff960149d1cb34e18c) Importer(815301076,1909f56bfc062723c751e8b465ee728b)
Start importing Assets/TextMesh Pro/Examples & Extras/Resources/Fonts & Materials/Bangers SDF Logo.mat using Guid(f4e195ac1e204eff960149d1cb34e18c) Importer(815301076,1909f56bfc062723c751e8b465ee728b)  -> (artifact id: '53a5ca144293083340976837f0521db0') in 0.350587 seconds
  Import took 0.354856 seconds .

========================================================================
Received Import Request.
  Time since last request: 106.942600 seconds.
  path: Assets/TextMesh Pro/Examples & Extras/Resources/Color Gradient Presets/Blue to Purple - Vertical.asset
  artifactKey: Guid(479a66fa4b094512a62b0a8e553ad95a) Importer(815301076,1909f56bfc062723c751e8b465ee728b)
Start importing Assets/TextMesh Pro/Examples & Extras/Resources/Color Gradient Presets/Blue to Purple - Vertical.asset using Guid(479a66fa4b094512a62b0a8e553ad95a) Importer(815301076,1909f56bfc062723c751e8b465ee728b)  -> (artifact id: 'bc07a8244a4314f0321e18ac677f9360') in 0.005557 seconds
  Import took 0.010258 seconds .

========================================================================
Received Import Request.
  Time since last request: 0.000390 seconds.
  path: Assets/TextMesh Pro/Examples & Extras/Textures/Brushed Metal 3.jpg
  artifactKey: Guid(f88677df267a41d6be1e7a6133e7d227) Importer(815301076,1909f56bfc062723c751e8b465ee728b)
Start importing Assets/TextMesh Pro/Examples & Extras/Textures/Brushed Metal 3.jpg using Guid(f88677df267a41d6be1e7a6133e7d227) Importer(815301076,1909f56bfc062723c751e8b465ee728b)  -> (artifact id: '4840aca3da85459ad29731c942d57661') in 0.092647 seconds
  Import took 0.096642 seconds .

========================================================================
Received Import Request.
  Time since last request: 0.000303 seconds.
  path: Assets/TextMesh Pro/Examples & Extras/Resources/Color Gradient Presets/Blue to Purple - Vertical.asset
  artifactKey: Guid(479a66fa4b094512a62b0a8e553ad95a) Importer(815301076,1909f56bfc062723c751e8b465ee728b)
Start importing Assets/TextMesh Pro/Examples & Extras/Resources/Color Gradient Presets/Blue to Purple - Vertical.asset using Guid(479a66fa4b094512a62b0a8e553ad95a) Importer(815301076,1909f56bfc062723c751e8b465ee728b)  -> (artifact id: 'bc07a8244a4314f0321e18ac677f9360') in 0.005696 seconds
  Import took 0.010878 seconds .

========================================================================
Received Import Request.
  Time since last request: 0.086409 seconds.
  path: Assets/TextMesh Pro/Examples & Extras/Materials/Crate - Surface Shader Scene.mat
  artifactKey: Guid(e6b9b44320f4448d9d5e0ee634259966) Importer(815301076,1909f56bfc062723c751e8b465ee728b)
Start importing Assets/TextMesh Pro/Examples & Extras/Materials/Crate - Surface Shader Scene.mat using Guid(e6b9b44320f4448d9d5e0ee634259966) Importer(815301076,1909f56bfc062723c751e8b465ee728b)  -> (artifact id: '82cf10a232fb1e9761a31632be84bc7c') in 0.289658 seconds
  Import took 0.293841 seconds .

========================================================================
Received Import Request.
  Time since last request: 0.000349 seconds.
  path: Assets/TextMesh Pro/Examples & Extras/Sprites/Default Sprites.png
  artifactKey: Guid(a0fc465d6cf04254a2938578735e2383) Importer(815301076,1909f56bfc062723c751e8b465ee728b)
Start importing Assets/TextMesh Pro/Examples & Extras/Sprites/Default Sprites.png using Guid(a0fc465d6cf04254a2938578735e2383) Importer(815301076,1909f56bfc062723c751e8b465ee728b)  -> (artifact id: '8a33629ad0103a376de0b297307e9ba4') in 0.043702 seconds
  Import took 0.048241 seconds .

========================================================================
Received Import Request.
  Time since last request: 0.000311 seconds.
  path: Assets/TextMesh Pro/Resources/Style Sheets/Default Style Sheet.asset
  artifactKey: Guid(f952c082cb03451daed3ee968ac6c63e) Importer(815301076,1909f56bfc062723c751e8b465ee728b)
Start importing Assets/TextMesh Pro/Resources/Style Sheets/Default Style Sheet.asset using Guid(f952c082cb03451daed3ee968ac6c63e) Importer(815301076,1909f56bfc062723c751e8b465ee728b)  -> (artifact id: '99846f5a5cef2b9fb3476a6a84d35918') in 0.007152 seconds
  Import took 0.012009 seconds .

========================================================================
Received Import Request.
  Time since last request: 0.000261 seconds.
  path: Assets/TextMesh Pro/Examples & Extras/Resources/Sprite Assets/Default Sprite Asset.asset
  artifactKey: Guid(fbef3c704dce48f08a44612d6c856c8d) Importer(815301076,1909f56bfc062723c751e8b465ee728b)
Start importing Assets/TextMesh Pro/Examples & Extras/Resources/Sprite Assets/Default Sprite Asset.asset using Guid(fbef3c704dce48f08a44612d6c856c8d) Importer(815301076,1909f56bfc062723c751e8b465ee728b)  -> (artifact id: 'c973cc116ecb21210af400c65aa57860') in 0.013749 seconds
  Import took 0.020408 seconds .

========================================================================
Received Import Request.
  Time since last request: 0.000389 seconds.
  path: Assets/TextMesh Pro/Examples & Extras/Resources/Color Gradient Presets/Dark to Light Green - Vertical.asset
  artifactKey: Guid(4c86a3366cd840348ebe8dc438570ee4) Importer(815301076,1909f56bfc062723c751e8b465ee728b)
Start importing Assets/TextMesh Pro/Examples & Extras/Resources/Color Gradient Presets/Dark to Light Green - Vertical.asset using Guid(4c86a3366cd840348ebe8dc438570ee4) Importer(815301076,1909f56bfc062723c751e8b465ee728b)  -> (artifact id: 'efb3d9679bbf530621ea8b57218252b9') in 0.005015 seconds
  Import took 0.011196 seconds .

========================================================================
Received Import Request.
  Time since last request: 25.358623 seconds.
  path: Assets/TextMesh Pro/Examples & Extras/Sprites/DropCap Numbers.psd
  artifactKey: Guid(fd09957580ac4326916010f1f260975b) Importer(815301076,1909f56bfc062723c751e8b465ee728b)
Start importing Assets/TextMesh Pro/Examples & Extras/Sprites/DropCap Numbers.psd using Guid(fd09957580ac4326916010f1f260975b) Importer(815301076,1909f56bfc062723c751e8b465ee728b)  -> (artifact id: 'c2c765973889385d49ff9595a230a8f3') in 0.077097 seconds
  Import took 0.082237 seconds .

========================================================================
Received Import Request.
  Time since last request: 0.000261 seconds.
  path: Assets/TextMesh Pro/Examples & Extras/Resources/Sprite Assets/DropCap Numbers.asset
  artifactKey: Guid(14aa93acbb234d16aaef0e8b46814db6) Importer(815301076,1909f56bfc062723c751e8b465ee728b)
Start importing Assets/TextMesh Pro/Examples & Extras/Resources/Sprite Assets/DropCap Numbers.asset using Guid(14aa93acbb234d16aaef0e8b46814db6) Importer(815301076,1909f56bfc062723c751e8b465ee728b)  -> (artifact id: '1b25dfe261c8529ae5b51f846fbdbf2b') in 0.013858 seconds
  Import took 0.019275 seconds .

========================================================================
Received Import Request.
  Time since last request: 0.000393 seconds.
  path: Assets/TextMesh Pro/Resources/Fonts & Materials/LiberationSans SDF - Outline.mat
  artifactKey: Guid(79459efec17a4d00a321bdcc27bbc385) Importer(815301076,1909f56bfc062723c751e8b465ee728b)
Start importing Assets/TextMesh Pro/Resources/Fonts & Materials/LiberationSans SDF - Outline.mat using Guid(79459efec17a4d00a321bdcc27bbc385) Importer(815301076,1909f56bfc062723c751e8b465ee728b)  -> (artifact id: '289988fcecf3b00d1602f8d2b589f7dd') in 0.035435 seconds
  Import took 0.040725 seconds .

========================================================================
Received Import Request.
  Time since last request: 0.000291 seconds.
  path: Assets/TextMesh Pro/Examples & Extras/Resources/Fonts & Materials/LiberationSans SDF - Overlay.mat
  artifactKey: Guid(9ad269c99dcf42b7aedefd83dd5a7b9d) Importer(815301076,1909f56bfc062723c751e8b465ee728b)
Start importing Assets/TextMesh Pro/Examples & Extras/Resources/Fonts & Materials/LiberationSans SDF - Overlay.mat using Guid(9ad269c99dcf42b7aedefd83dd5a7b9d) Importer(815301076,1909f56bfc062723c751e8b465ee728b)  -> (artifact id: '530ab53d4647aa6af37f1765823d784d') in 0.041239 seconds
  Import took 0.045825 seconds .

========================================================================
Received Import Request.
  Time since last request: 0.000294 seconds.
  path: Assets/TextMesh Pro/Resources/Fonts & Materials/LiberationSans SDF - Fallback.asset
  artifactKey: Guid(2e498d1c8094910479dc3e1b768306a4) Importer(815301076,1909f56bfc062723c751e8b465ee728b)
Start importing Assets/TextMesh Pro/Resources/Fonts & Materials/LiberationSans SDF - Fallback.asset using Guid(2e498d1c8094910479dc3e1b768306a4) Importer(815301076,1909f56bfc062723c751e8b465ee728b)  -> (artifact id: 'b8c2210586957436df79bf961aeff06e') in 0.020096 seconds
  Import took 0.024889 seconds .

========================================================================
Received Import Request.
  Time since last request: 0.000307 seconds.
  path: Assets/TextMesh Pro/Fonts/LiberationSans.ttf
  artifactKey: Guid(e3265ab4bf004d28a9537516768c1c75) Importer(815301076,1909f56bfc062723c751e8b465ee728b)
Start importing Assets/TextMesh Pro/Fonts/LiberationSans.ttf using Guid(e3265ab4bf004d28a9537516768c1c75) Importer(815301076,1909f56bfc062723c751e8b465ee728b)  -> (artifact id: 'bdddd331c3f1b7826858a8d92db67e39') in 0.020313 seconds
  Import took 0.025081 seconds .

========================================================================
Received Import Request.
  Time since last request: 0.000315 seconds.
  path: Assets/TextMesh Pro/Resources/Fonts & Materials/LiberationSans SDF - Drop Shadow.mat
  artifactKey: Guid(e73a58f6e2794ae7b1b7e50b7fb811b0) Importer(815301076,1909f56bfc062723c751e8b465ee728b)
Start importing Assets/TextMesh Pro/Resources/Fonts & Materials/LiberationSans SDF - Drop Shadow.mat using Guid(e73a58f6e2794ae7b1b7e50b7fb811b0) Importer(815301076,1909f56bfc062723c751e8b465ee728b)  -> (artifact id: 'ca0d2861f60500f05bd29199894f7bb5') in 0.031325 seconds
  Import took 0.035975 seconds .

========================================================================
Received Import Request.
  Time since last request: 0.000311 seconds.
  path: Assets/TextMesh Pro/Examples & Extras/Textures/Fruit Jelly (B&W).jpg
  artifactKey: Guid(1cdc5b506b1a4a33a53c30669ced1f51) Importer(815301076,1909f56bfc062723c751e8b465ee728b)
Start importing Assets/TextMesh Pro/Examples & Extras/Textures/Fruit Jelly (B&W).jpg using Guid(1cdc5b506b1a4a33a53c30669ced1f51) Importer(815301076,1909f56bfc062723c751e8b465ee728b)  -> (artifact id: '8f35fe619262576d87a7be15bf20aa41') in 0.015388 seconds
  Import took 0.020682 seconds .

========================================================================
Received Import Request.
  Time since last request: 0.000371 seconds.
  path: Assets/TextMesh Pro/Examples & Extras/Resources/Fonts & Materials/Oswald Bold SDF.asset
  artifactKey: Guid(0161d805a3764c089bef00bfe00793f5) Importer(815301076,1909f56bfc062723c751e8b465ee728b)
Start importing Assets/TextMesh Pro/Examples & Extras/Resources/Fonts & Materials/Oswald Bold SDF.asset using Guid(0161d805a3764c089bef00bfe00793f5) Importer(815301076,1909f56bfc062723c751e8b465ee728b)  -> (artifact id: 'd214e28bdeb8e7d744101e38a9ef9c0f') in 0.022365 seconds
  Import took 0.026678 seconds .

========================================================================
Received Import Request.
  Time since last request: 0.000330 seconds.
  path: Assets/TextMesh Pro/Examples & Extras/Resources/Fonts & Materials/LiberationSans SDF - Metalic Green.mat
  artifactKey: Guid(8b29aaa3eec7468097ff07adfcf29ac9) Importer(815301076,1909f56bfc062723c751e8b465ee728b)
Start importing Assets/TextMesh Pro/Examples & Extras/Resources/Fonts & Materials/LiberationSans SDF - Metalic Green.mat using Guid(8b29aaa3eec7468097ff07adfcf29ac9) Importer(815301076,1909f56bfc062723c751e8b465ee728b)  -> (artifact id: '1750271ec33564c9e991fc66a41ad3d0') in 0.155956 seconds
  Import took 0.161462 seconds .

========================================================================
Received Import Request.
  Time since last request: 0.000285 seconds.
  path: Assets/TextMesh Pro/Examples & Extras/Resources/Fonts & Materials/LiberationSans SDF - Soft Mask.mat
  artifactKey: Guid(42df1c7856584b6b8db9a509b6b10074) Importer(815301076,1909f56bfc062723c751e8b465ee728b)
Start importing Assets/TextMesh Pro/Examples & Extras/Resources/Fonts & Materials/LiberationSans SDF - Soft Mask.mat using Guid(42df1c7856584b6b8db9a509b6b10074) Importer(815301076,1909f56bfc062723c751e8b465ee728b)  -> (artifact id: 'c07a3f0197d45ee33843239212d1c942') in 0.043115 seconds
  Import took 0.047503 seconds .

========================================================================
Received Import Request.
  Time since last request: 18.812541 seconds.
  path: Assets/TextMesh Pro/Examples & Extras/Resources/Fonts & Materials/Roboto-Bold SDF - Drop Shadow.mat
  artifactKey: Guid(b246c4190f4e46ec9352fe15a7b09ce0) Importer(815301076,1909f56bfc062723c751e8b465ee728b)
Start importing Assets/TextMesh Pro/Examples & Extras/Resources/Fonts & Materials/Roboto-Bold SDF - Drop Shadow.mat using Guid(b246c4190f4e46ec9352fe15a7b09ce0) Importer(815301076,1909f56bfc062723c751e8b465ee728b)  -> (artifact id: 'e0193c990cebd7bcd9d6b31ea7739d38') in 0.038341 seconds
  Import took 0.044533 seconds .

========================================================================
Received Import Request.
  Time since last request: 0.000296 seconds.
  path: Assets/Footstep(Snow and Grass)/StepsLoop/grass/slowsteps/Slowsteps-2.wav
  artifactKey: Guid(f4503cdaac346c849ba0cdfb2f039f77) Importer(815301076,1909f56bfc062723c751e8b465ee728b)
Start importing Assets/Footstep(Snow and Grass)/StepsLoop/grass/slowsteps/Slowsteps-2.wav using Guid(f4503cdaac346c849ba0cdfb2f039f77) Importer(815301076,1909f56bfc062723c751e8b465ee728b)  -> (artifact id: '561efeb3d15be89b4a03936808d3206e') in 0.049148 seconds
  Import took 0.053455 seconds .

========================================================================
Received Import Request.
  Time since last request: 0.000395 seconds.
  path: Assets/Footstep(Snow and Grass)/StepsLoop/grass/slowsteps/Slowsteps-3.wav
  artifactKey: Guid(5f6ab9d30af9a364fbb34fdaa71d18f9) Importer(815301076,1909f56bfc062723c751e8b465ee728b)
Start importing Assets/Footstep(Snow and Grass)/StepsLoop/grass/slowsteps/Slowsteps-3.wav using Guid(5f6ab9d30af9a364fbb34fdaa71d18f9) Importer(815301076,1909f56bfc062723c751e8b465ee728b)  -> (artifact id: 'd846644d80422287abbdbab56b8dd51d') in 0.013290 seconds
  Import took 0.018381 seconds .

========================================================================
Received Import Request.
  Time since last request: 0.000306 seconds.
  path: Assets/Footstep(Snow and Grass)/StepsLoop/grass/slowsteps/Slowsteps-1.wav
  artifactKey: Guid(e5633a3bf427d7140ad133fa3dd7b63e) Importer(815301076,1909f56bfc062723c751e8b465ee728b)
Start importing Assets/Footstep(Snow and Grass)/StepsLoop/grass/slowsteps/Slowsteps-1.wav using Guid(e5633a3bf427d7140ad133fa3dd7b63e) Importer(815301076,1909f56bfc062723c751e8b465ee728b)  -> (artifact id: 'f24487bdc6e3d36fdd2b33696a95940f') in 0.014602 seconds
  Import took 0.018899 seconds .

========================================================================
Received Import Request.
  Time since last request: 0.513347 seconds.
  path: Assets/TextMesh Pro/Examples & Extras/Textures/Wipe Pattern - Circle.psd
  artifactKey: Guid(10c49fcd9c64421db7c0133e61e55f97) Importer(815301076,1909f56bfc062723c751e8b465ee728b)
Start importing Assets/TextMesh Pro/Examples & Extras/Textures/Wipe Pattern - Circle.psd using Guid(10c49fcd9c64421db7c0133e61e55f97) Importer(815301076,1909f56bfc062723c751e8b465ee728b)  -> (artifact id: '433e0c9d28d88043c9124ea57aa57812') in 0.017956 seconds
  Import took 0.023740 seconds .

========================================================================
Received Import Request.
  Time since last request: 0.000342 seconds.
  path: Assets/TextMesh Pro/Examples & Extras/Textures/Wipe Pattern - Radial Quad.psd
  artifactKey: Guid(2b5e9ae96c5644d8bae932f8b4ca68a2) Importer(815301076,1909f56bfc062723c751e8b465ee728b)
Start importing Assets/TextMesh Pro/Examples & Extras/Textures/Wipe Pattern - Radial Quad.psd using Guid(2b5e9ae96c5644d8bae932f8b4ca68a2) Importer(815301076,1909f56bfc062723c751e8b465ee728b)  -> (artifact id: 'b9848f9c9bb63b24194b059074798de3') in 0.011449 seconds
  Import took 0.016931 seconds .

========================================================================
Received Import Request.
  Time since last request: 0.000281 seconds.
  path: Assets/TextMesh Pro/Examples & Extras/Textures/Wipe Pattern - Circle.psd
  artifactKey: Guid(10c49fcd9c64421db7c0133e61e55f97) Importer(815301076,1909f56bfc062723c751e8b465ee728b)
Start importing Assets/TextMesh Pro/Examples & Extras/Textures/Wipe Pattern - Circle.psd using Guid(10c49fcd9c64421db7c0133e61e55f97) Importer(815301076,1909f56bfc062723c751e8b465ee728b)  -> (artifact id: '433e0c9d28d88043c9124ea57aa57812') in 0.010842 seconds
  Import took 0.015682 seconds .

========================================================================
Received Import Request.
  Time since last request: 0.000378 seconds.
  path: Assets/TextMesh Pro/Examples & Extras/Textures/Wipe Pattern - Diagonal.psd
  artifactKey: Guid(ed5290d8df18488780e2996b9b882f01) Importer(815301076,1909f56bfc062723c751e8b465ee728b)
Start importing Assets/TextMesh Pro/Examples & Extras/Textures/Wipe Pattern - Diagonal.psd using Guid(ed5290d8df18488780e2996b9b882f01) Importer(815301076,1909f56bfc062723c751e8b465ee728b)  -> (artifact id: '856a6a32c85ce441b2c1b9b4a7368781') in 0.009260 seconds
  Import took 0.015019 seconds .

========================================================================
Received Import Request.
  Time since last request: 0.000356 seconds.
  path: Assets/TextMesh Pro/Examples & Extras/Textures/Wipe Pattern - Radial Double.psd
  artifactKey: Guid(7631f4eff8f74ed38eb3eb9db17134e1) Importer(815301076,1909f56bfc062723c751e8b465ee728b)
Start importing Assets/TextMesh Pro/Examples & Extras/Textures/Wipe Pattern - Radial Double.psd using Guid(7631f4eff8f74ed38eb3eb9db17134e1) Importer(815301076,1909f56bfc062723c751e8b465ee728b)  -> (artifact id: '06f3f22f9b0c2e09daf4bff7dd464515') in 0.009838 seconds
  Import took 0.014200 seconds .

========================================================================
Received Prepare
Registering precompiled user dll's ...
Registered in 0.009187 seconds.
Begin MonoManager ReloadAssembly
Native extension for WindowsStandalone target not found
Native extension for WebGL target not found
Refreshing native plugins compatible for Editor in 1.07 ms, found 3 plugins.
Preloading 0 native plugins for Editor in 0.00 ms.
Mono: successfully reloaded assembly
- Completed reload, in  1.482 seconds
Platform modules already initialized, skipping
Refreshing native plugins compatible for Editor in 0.72 ms, found 3 plugins.
Preloading 0 native plugins for Editor in 0.00 ms.
Unloading 2129 Unused Serialized files (Serialized files now loaded: 0)
System memory in use before: 105.8 MB.
System memory in use after: 105.5 MB.

Unloading 29 unused Assets to reduce memory usage. Loaded Objects now: 2778.
Total: 4.222500 ms (FindLiveObjects: 0.306500 ms CreateObjectMapping: 0.061900 ms MarkObjects: 3.380200 ms  DeleteObjects: 0.472100 ms)

========================================================================
Received Prepare
Registering precompiled user dll's ...
Registered in 0.005650 seconds.
Begin MonoManager ReloadAssembly
Native extension for WindowsStandalone target not found
Native extension for WebGL target not found
Refreshing native plugins compatible for Editor in 1.00 ms, found 3 plugins.
Preloading 0 native plugins for Editor in 0.00 ms.
Mono: successfully reloaded assembly
- Completed reload, in  1.558 seconds
Platform modules already initialized, skipping
Refreshing native plugins compatible for Editor in 0.60 ms, found 3 plugins.
Preloading 0 native plugins for Editor in 0.00 ms.
Unloading 2125 Unused Serialized files (Serialized files now loaded: 0)
System memory in use before: 105.4 MB.
System memory in use after: 105.1 MB.

Unloading 29 unused Assets to reduce memory usage. Loaded Objects now: 2782.
Total: 4.757400 ms (FindLiveObjects: 0.418900 ms CreateObjectMapping: 0.179600 ms MarkObjects: 3.646600 ms  DeleteObjects: 0.510300 ms)

========================================================================
Received Prepare
Registering precompiled user dll's ...
Registered in 0.007581 seconds.
Begin MonoManager ReloadAssembly
Native extension for WindowsStandalone target not found
Native extension for WebGL target not found
Refreshing native plugins compatible for Editor in 0.60 ms, found 3 plugins.
Preloading 0 native plugins for Editor in 0.00 ms.
Mono: successfully reloaded assembly
- Completed reload, in  1.514 seconds
Platform modules already initialized, skipping
Refreshing native plugins compatible for Editor in 0.61 ms, found 3 plugins.
Preloading 0 native plugins for Editor in 0.00 ms.
Unloading 2125 Unused Serialized files (Serialized files now loaded: 0)
System memory in use before: 105.4 MB.
System memory in use after: 105.1 MB.

Unloading 29 unused Assets to reduce memory usage. Loaded Objects now: 2786.
Total: 4.468400 ms (FindLiveObjects: 0.493100 ms CreateObjectMapping: 0.125700 ms MarkObjects: 3.396100 ms  DeleteObjects: 0.451300 ms)

========================================================================
Received Prepare
Registering precompiled user dll's ...
Registered in 0.005257 seconds.
Begin MonoManager ReloadAssembly
Native extension for WindowsStandalone target not found
Native extension for WebGL target not found
Refreshing native plugins compatible for Editor in 0.66 ms, found 3 plugins.
Preloading 0 native plugins for Editor in 0.00 ms.
Mono: successfully reloaded assembly
- Completed reload, in  1.431 seconds
Platform modules already initialized, skipping
Refreshing native plugins compatible for Editor in 0.59 ms, found 3 plugins.
Preloading 0 native plugins for Editor in 0.00 ms.
Unloading 2125 Unused Serialized files (Serialized files now loaded: 0)
System memory in use before: 105.4 MB.
System memory in use after: 105.1 MB.

Unloading 29 unused Assets to reduce memory usage. Loaded Objects now: 2790.
Total: 3.874600 ms (FindLiveObjects: 0.313300 ms CreateObjectMapping: 0.064600 ms MarkObjects: 3.025600 ms  DeleteObjects: 0.469500 ms)

========================================================================
Received Prepare
Registering precompiled user dll's ...
Registered in 0.005298 seconds.
Begin MonoManager ReloadAssembly
Native extension for WindowsStandalone target not found
Native extension for WebGL target not found
Refreshing native plugins compatible for Editor in 0.63 ms, found 3 plugins.
Preloading 0 native plugins for Editor in 0.00 ms.
Mono: successfully reloaded assembly
- Completed reload, in  1.486 seconds
Platform modules already initialized, skipping
Refreshing native plugins compatible for Editor in 0.84 ms, found 3 plugins.
Preloading 0 native plugins for Editor in 0.00 ms.
Unloading 2125 Unused Serialized files (Serialized files now loaded: 0)
System memory in use before: 105.4 MB.
System memory in use after: 105.1 MB.

Unloading 29 unused Assets to reduce memory usage. Loaded Objects now: 2794.
Total: 4.990000 ms (FindLiveObjects: 0.431600 ms CreateObjectMapping: 0.123400 ms MarkObjects: 3.913900 ms  DeleteObjects: 0.518500 ms)

========================================================================
Received Prepare
Registering precompiled user dll's ...
Registered in 0.008373 seconds.
Begin MonoManager ReloadAssembly
Native extension for WindowsStandalone target not found
Native extension for WebGL target not found
Refreshing native plugins compatible for Editor in 0.61 ms, found 3 plugins.
Preloading 0 native plugins for Editor in 0.00 ms.
Mono: successfully reloaded assembly
- Completed reload, in  1.554 seconds
Platform modules already initialized, skipping
Refreshing native plugins compatible for Editor in 0.95 ms, found 3 plugins.
Preloading 0 native plugins for Editor in 0.00 ms.
Unloading 2125 Unused Serialized files (Serialized files now loaded: 0)
System memory in use before: 105.4 MB.
System memory in use after: 105.1 MB.

Unloading 29 unused Assets to reduce memory usage. Loaded Objects now: 2798.
Total: 5.941600 ms (FindLiveObjects: 0.532500 ms CreateObjectMapping: 0.165100 ms MarkObjects: 4.622800 ms  DeleteObjects: 0.618700 ms)

========================================================================
Received Prepare
Registering precompiled user dll's ...
Registered in 0.006494 seconds.
Begin MonoManager ReloadAssembly
Native extension for WindowsStandalone target not found
Native extension for WebGL target not found
Refreshing native plugins compatible for Editor in 0.96 ms, found 3 plugins.
Preloading 0 native plugins for Editor in 0.00 ms.
Mono: successfully reloaded assembly
- Completed reload, in  1.511 seconds
Platform modules already initialized, skipping
Refreshing native plugins compatible for Editor in 0.62 ms, found 3 plugins.
Preloading 0 native plugins for Editor in 0.00 ms.
Unloading 2125 Unused Serialized files (Serialized files now loaded: 0)
System memory in use before: 105.4 MB.
System memory in use after: 105.1 MB.

Unloading 29 unused Assets to reduce memory usage. Loaded Objects now: 2802.
Total: 7.167600 ms (FindLiveObjects: 0.402300 ms CreateObjectMapping: 0.100100 ms MarkObjects: 5.838100 ms  DeleteObjects: 0.823600 ms)

========================================================================
Received Prepare
Registering precompiled user dll's ...
Registered in 0.006989 seconds.
Begin MonoManager ReloadAssembly
Native extension for WindowsStandalone target not found
Native extension for WebGL target not found
Refreshing native plugins compatible for Editor in 1.88 ms, found 3 plugins.
Preloading 0 native plugins for Editor in 0.00 ms.
Mono: successfully reloaded assembly
- Completed reload, in  2.478 seconds
Platform modules already initialized, skipping
Refreshing native plugins compatible for Editor in 2.14 ms, found 3 plugins.
Preloading 0 native plugins for Editor in 0.00 ms.
Unloading 2125 Unused Serialized files (Serialized files now loaded: 0)
System memory in use before: 105.4 MB.
System memory in use after: 105.1 MB.

Unloading 29 unused Assets to reduce memory usage. Loaded Objects now: 2806.
Total: 7.906200 ms (FindLiveObjects: 0.732000 ms CreateObjectMapping: 0.120700 ms MarkObjects: 6.390300 ms  DeleteObjects: 0.658100 ms)

========================================================================
Received Prepare
Registering precompiled user dll's ...
Registered in 0.008937 seconds.
Begin MonoManager ReloadAssembly
Native extension for WindowsStandalone target not found
Native extension for WebGL target not found
Refreshing native plugins compatible for Editor in 0.62 ms, found 3 plugins.
Preloading 0 native plugins for Editor in 0.00 ms.
Mono: successfully reloaded assembly
- Completed reload, in  1.472 seconds
Platform modules already initialized, skipping
Refreshing native plugins compatible for Editor in 0.60 ms, found 3 plugins.
Preloading 0 native plugins for Editor in 0.00 ms.
Unloading 2125 Unused Serialized files (Serialized files now loaded: 0)
System memory in use before: 105.4 MB.
System memory in use after: 105.1 MB.

Unloading 29 unused Assets to reduce memory usage. Loaded Objects now: 2810.
Total: 5.286300 ms (FindLiveObjects: 0.428900 ms CreateObjectMapping: 0.133900 ms MarkObjects: 4.198500 ms  DeleteObjects: 0.522700 ms)

========================================================================
Received Prepare
Registering precompiled user dll's ...
Registered in 0.005329 seconds.
Begin MonoManager ReloadAssembly
Native extension for WindowsStandalone target not found
Native extension for WebGL target not found
Refreshing native plugins compatible for Editor in 0.73 ms, found 3 plugins.
Preloading 0 native plugins for Editor in 0.00 ms.
Mono: successfully reloaded assembly
- Completed reload, in  1.466 seconds
Platform modules already initialized, skipping
Refreshing native plugins compatible for Editor in 0.59 ms, found 3 plugins.
Preloading 0 native plugins for Editor in 0.00 ms.
Unloading 2125 Unused Serialized files (Serialized files now loaded: 0)
System memory in use before: 105.5 MB.
System memory in use after: 105.2 MB.

Unloading 29 unused Assets to reduce memory usage. Loaded Objects now: 2814.
Total: 4.158900 ms (FindLiveObjects: 0.341000 ms CreateObjectMapping: 0.083700 ms MarkObjects: 3.137300 ms  DeleteObjects: 0.595300 ms)

========================================================================
Received Prepare
Registering precompiled user dll's ...
Registered in 0.008181 seconds.
Begin MonoManager ReloadAssembly
Native extension for WindowsStandalone target not found
Native extension for WebGL target not found
Refreshing native plugins compatible for Editor in 0.98 ms, found 3 plugins.
Preloading 0 native plugins for Editor in 0.00 ms.
Mono: successfully reloaded assembly
- Completed reload, in  1.513 seconds
Platform modules already initialized, skipping
Refreshing native plugins compatible for Editor in 0.62 ms, found 3 plugins.
Preloading 0 native plugins for Editor in 0.00 ms.
Unloading 2125 Unused Serialized files (Serialized files now loaded: 0)
System memory in use before: 105.5 MB.
System memory in use after: 105.2 MB.

Unloading 29 unused Assets to reduce memory usage. Loaded Objects now: 2818.
Total: 4.747100 ms (FindLiveObjects: 0.383000 ms CreateObjectMapping: 0.128500 ms MarkObjects: 3.803000 ms  DeleteObjects: 0.430800 ms)

========================================================================
Received Prepare
Registering precompiled user dll's ...
Registered in 0.005422 seconds.
Begin MonoManager ReloadAssembly
Native extension for WindowsStandalone target not found
Native extension for WebGL target not found
Refreshing native plugins compatible for Editor in 0.85 ms, found 3 plugins.
Preloading 0 native plugins for Editor in 0.00 ms.
Mono: successfully reloaded assembly
- Completed reload, in  1.556 seconds
Platform modules already initialized, skipping
Refreshing native plugins compatible for Editor in 0.74 ms, found 3 plugins.
Preloading 0 native plugins for Editor in 0.00 ms.
Unloading 2125 Unused Serialized files (Serialized files now loaded: 0)
System memory in use before: 105.5 MB.
System memory in use after: 105.2 MB.

Unloading 29 unused Assets to reduce memory usage. Loaded Objects now: 2822.
Total: 4.266300 ms (FindLiveObjects: 0.370300 ms CreateObjectMapping: 0.187000 ms MarkObjects: 3.275700 ms  DeleteObjects: 0.431600 ms)

========================================================================
Received Prepare
Registering precompiled user dll's ...
Registered in 0.009209 seconds.
Begin MonoManager ReloadAssembly
Native extension for WindowsStandalone target not found
Native extension for WebGL target not found
Refreshing native plugins compatible for Editor in 1.55 ms, found 3 plugins.
Preloading 0 native plugins for Editor in 0.00 ms.
Mono: successfully reloaded assembly
- Completed reload, in  1.649 seconds
Platform modules already initialized, skipping
Refreshing native plugins compatible for Editor in 4.58 ms, found 3 plugins.
Preloading 0 native plugins for Editor in 0.00 ms.
Unloading 2125 Unused Serialized files (Serialized files now loaded: 0)
System memory in use before: 105.5 MB.
System memory in use after: 105.3 MB.

Unloading 29 unused Assets to reduce memory usage. Loaded Objects now: 2826.
Total: 4.994500 ms (FindLiveObjects: 0.560800 ms CreateObjectMapping: 0.125900 ms MarkObjects: 3.872700 ms  DeleteObjects: 0.432100 ms)

========================================================================
Received Prepare
Registering precompiled user dll's ...
Registered in 0.005430 seconds.
Begin MonoManager ReloadAssembly
Native extension for WindowsStandalone target not found
Native extension for WebGL target not found
Refreshing native plugins compatible for Editor in 0.63 ms, found 3 plugins.
Preloading 0 native plugins for Editor in 0.00 ms.
Mono: successfully reloaded assembly
- Completed reload, in  1.459 seconds
Platform modules already initialized, skipping
Refreshing native plugins compatible for Editor in 0.60 ms, found 3 plugins.
Preloading 0 native plugins for Editor in 0.00 ms.
Unloading 2125 Unused Serialized files (Serialized files now loaded: 0)
System memory in use before: 105.6 MB.
System memory in use after: 105.3 MB.

Unloading 29 unused Assets to reduce memory usage. Loaded Objects now: 2830.
Total: 4.205300 ms (FindLiveObjects: 0.329000 ms CreateObjectMapping: 0.070200 ms MarkObjects: 3.213400 ms  DeleteObjects: 0.590600 ms)

========================================================================
Received Prepare
Registering precompiled user dll's ...
Registered in 0.005535 seconds.
Begin MonoManager ReloadAssembly
Native extension for WindowsStandalone target not found
Native extension for WebGL target not found
Refreshing native plugins compatible for Editor in 0.82 ms, found 3 plugins.
Preloading 0 native plugins for Editor in 0.00 ms.
Mono: successfully reloaded assembly
- Completed reload, in  1.425 seconds
Platform modules already initialized, skipping
Refreshing native plugins compatible for Editor in 0.73 ms, found 3 plugins.
Preloading 0 native plugins for Editor in 0.00 ms.
Unloading 2125 Unused Serialized files (Serialized files now loaded: 0)
System memory in use before: 105.6 MB.
System memory in use after: 105.3 MB.

Unloading 29 unused Assets to reduce memory usage. Loaded Objects now: 2834.
Total: 3.609800 ms (FindLiveObjects: 0.536400 ms CreateObjectMapping: 0.062300 ms MarkObjects: 2.584200 ms  DeleteObjects: 0.424200 ms)

========================================================================
Received Prepare
Registering precompiled user dll's ...
Registered in 0.007717 seconds.
Begin MonoManager ReloadAssembly
Native extension for WindowsStandalone target not found
Native extension for WebGL target not found
Refreshing native plugins compatible for Editor in 1.22 ms, found 3 plugins.
Preloading 0 native plugins for Editor in 0.00 ms.
Mono: successfully reloaded assembly
- Completed reload, in  2.440 seconds
Platform modules already initialized, skipping
Refreshing native plugins compatible for Editor in 1.28 ms, found 3 plugins.
Preloading 0 native plugins for Editor in 0.00 ms.
Unloading 2125 Unused Serialized files (Serialized files now loaded: 0)
System memory in use before: 105.6 MB.
System memory in use after: 105.3 MB.

Unloading 29 unused Assets to reduce memory usage. Loaded Objects now: 2838.
Total: 7.832700 ms (FindLiveObjects: 0.614400 ms CreateObjectMapping: 0.152400 ms MarkObjects: 6.203200 ms  DeleteObjects: 0.858300 ms)

========================================================================
Received Prepare
Registering precompiled user dll's ...
Registered in 0.015040 seconds.
Begin MonoManager ReloadAssembly
Native extension for WindowsStandalone target not found
Native extension for WebGL target not found
Refreshing native plugins compatible for Editor in 1.79 ms, found 3 plugins.
Preloading 0 native plugins for Editor in 0.00 ms.
Mono: successfully reloaded assembly
- Completed reload, in  2.832 seconds
Platform modules already initialized, skipping
Refreshing native plugins compatible for Editor in 1.18 ms, found 3 plugins.
Preloading 0 native plugins for Editor in 0.00 ms.
Unloading 2125 Unused Serialized files (Serialized files now loaded: 0)
System memory in use before: 105.6 MB.
System memory in use after: 105.3 MB.

Unloading 29 unused Assets to reduce memory usage. Loaded Objects now: 2842.
Total: 12.498100 ms (FindLiveObjects: 2.365600 ms CreateObjectMapping: 0.674400 ms MarkObjects: 8.504300 ms  DeleteObjects: 0.949200 ms)

========================================================================
Received Prepare
Registering precompiled user dll's ...
Registered in 0.010242 seconds.
Begin MonoManager ReloadAssembly
Native extension for WindowsStandalone target not found
Native extension for WebGL target not found
Refreshing native plugins compatible for Editor in 1.17 ms, found 3 plugins.
Preloading 0 native plugins for Editor in 0.00 ms.
Mono: successfully reloaded assembly
- Completed reload, in  2.432 seconds
Platform modules already initialized, skipping
Refreshing native plugins compatible for Editor in 1.58 ms, found 3 plugins.
Preloading 0 native plugins for Editor in 0.00 ms.
Unloading 2125 Unused Serialized files (Serialized files now loaded: 0)
System memory in use before: 105.6 MB.
System memory in use after: 105.3 MB.

Unloading 29 unused Assets to reduce memory usage. Loaded Objects now: 2846.
Total: 8.775900 ms (FindLiveObjects: 1.214200 ms CreateObjectMapping: 0.587800 ms MarkObjects: 5.998000 ms  DeleteObjects: 0.972600 ms)

AssetImportWorkerClient::OnTransportError - code=2 error=End of file
